<?xml version="1.0" encoding="UTF-8"?>
<testsuite xmlns:xsi="http://www.w3.org/2001/XMLSchema-instance" xsi:noNamespaceSchemaLocation="https://maven.apache.org/surefire/maven-surefire-plugin/xsd/surefire-test-report-3.0.xsd" version="3.0" name="lv.studymanager.controller.CourseControllerTest" time="0.743" tests="7" errors="0" skipped="0" failures="0">
  <properties>
[...]
</properties>
  <testcase name="updateCourse_returns200" classname="lv.studymanager.controller.CourseControllerTest" time="0.031">
    <system-out><![CDATA[2026-05-26T12:57:53.275+03:00  INFO 31596 --- [study-manager] [           main] t.c.s.AnnotationConfigContextLoaderUtils : Could not detect default configuration classes for test class [lv.studymanager.controller.CourseControllerTest]: CourseControllerTest does not declare any static, non-private, non-final, nested classes annotated with @Configuration.
2026-05-26T12:57:53.291+03:00  INFO 31596 --- [study-manager] [           main] .b.t.c.SpringBootTestContextBootstrapper : Found @SpringBootConfiguration lv.studymanager.StudyManagerApplication for test class lv.studymanager.controller.CourseControllerTest

  .   ____          _            __ _ _
 /\\ / ___'_ __ _ _(_)_ __  __ _ \ \ \ \
( ( )\___ | '_ | '_| | '_ \/ _` | \ \ \ \
 \\/  ___)| |_)| | | | | || (_| |  ) ) ) )
  '  |____| .__|_| |_|_| |_\__, | / / / /
 =========|_|==============|___/=/_/_/_/
 :: Spring Boot ::                (v3.2.5)

2026-05-26T12:57:53.329+03:00  INFO 31596 --- [study-manager] [           main] l.s.controller.CourseControllerTest      : Starting CourseControllerTest using Java 21.0.11 with PID 31596 (started by Dators in C:\study-manager)
2026-05-26T12:57:53.329+03:00 DEBUG 31596 --- [study-manager] [           main] l.s.controller.CourseControllerTest      : Running with Spring Boot v3.2.5, Spring v6.1.6
2026-05-26T12:57:53.331+03:00  INFO 31596 --- [study-manager] [           main] l.s.controller.CourseControllerTest      : The following 1 profile is active: "dev"
2026-05-26T12:57:53.756+03:00  INFO 31596 --- [study-manager] [           main] o.s.b.a.w.s.WelcomePageHandlerMapping    : Adding welcome page: class path resource [static/index.html]
2026-05-26T12:57:53.825+03:00 DEBUG 31596 --- [study-manager] [           main] swordEncoderAuthenticationManagerBuilder : No authenticationProviders and no parentAuthenticationManager defined. Returning null.
2026-05-26T12:57:53.850+03:00  INFO 31596 --- [study-manager] [           main] o.s.s.web.DefaultSecurityFilterChain     : Will secure any request with [org.springframework.security.web.session.DisableEncodeUrlFilter@634a3a2, org.springframework.security.web.context.request.async.WebAsyncManagerIntegrationFilter@4fc3bdb4, org.springframework.security.web.context.SecurityContextHolderFilter@42ec207f, org.springframework.security.web.header.HeaderWriterFilter@42f7523d, org.springframework.web.filter.CorsFilter@3b057816, org.springframework.security.web.csrf.CsrfFilter@425b142e, org.springframework.security.web.authentication.logout.LogoutFilter@4c53ea14, org.springframework.security.web.authentication.UsernamePasswordAuthenticationFilter@2ff84e42, org.springframework.security.web.authentication.ui.DefaultLoginPageGeneratingFilter@48b3ce9b, org.springframework.security.web.authentication.ui.DefaultLogoutPageGeneratingFilter@7afaf602, org.springframework.security.web.authentication.www.BasicAuthenticationFilter@6444bf53, org.springframework.security.web.savedrequest.RequestCacheAwareFilter@580cb668, org.springframework.security.web.servletapi.SecurityContextHolderAwareRequestFilter@302d0419, org.springframework.security.web.authentication.AnonymousAuthenticationFilter@5970734c, org.springframework.security.web.access.ExceptionTranslationFilter@23497000, org.springframework.security.web.access.intercept.AuthorizationFilter@3aa8ebf9]
2026-05-26T12:57:53.856+03:00  WARN 31596 --- [study-manager] [           main] .s.s.UserDetailsServiceAutoConfiguration : 

Using generated security password: 8c45380c-80b1-4035-8373-b5645039ad4d

This generated password is for development use only. Your security configuration must be updated before running your application in production.

2026-05-26T12:57:53.864+03:00 DEBUG 31596 --- [study-manager] [           main] lv.studymanager.security.JwtAuthFilter   : Filter 'jwtAuthFilter' configured for use
2026-05-26T12:57:53.865+03:00  INFO 31596 --- [study-manager] [           main] o.s.b.t.m.w.SpringBootMockServletContext : Initializing Spring TestDispatcherServlet ''
2026-05-26T12:57:53.865+03:00  INFO 31596 --- [study-manager] [           main] o.s.t.web.servlet.TestDispatcherServlet  : Initializing Servlet ''
2026-05-26T12:57:53.866+03:00  INFO 31596 --- [study-manager] [           main] o.s.t.web.servlet.TestDispatcherServlet  : Completed initialization in 1 ms
2026-05-26T12:57:53.874+03:00  INFO 31596 --- [study-manager] [           main] l.s.controller.CourseControllerTest      : Started CourseControllerTest in 0.575 seconds (process running for 7.594)
2026-05-26T12:57:53.887+03:00 DEBUG 31596 --- [study-manager] [           main] w.c.HttpSessionSecurityContextRepository : Created HttpSession as SecurityContext is non-default
2026-05-26T12:57:53.887+03:00 DEBUG 31596 --- [study-manager] [           main] w.c.HttpSessionSecurityContextRepository : Stored SecurityContextImpl [Authentication=UsernamePasswordAuthenticationToken [Principal=org.springframework.security.core.userdetails.User [Username=test@test.lv, Password=[PROTECTED], Enabled=true, AccountNonExpired=true, CredentialsNonExpired=true, AccountNonLocked=true, Granted Authorities=[ROLE_USER]], Credentials=[PROTECTED], Authenticated=true, Details=null, Granted Authorities=[ROLE_USER]]] to HttpSession [org.springframework.mock.web.MockHttpSession@3c638904]
2026-05-26T12:57:53.889+03:00 DEBUG 31596 --- [study-manager] [           main] o.s.security.web.FilterChainProxy        : Securing PUT /api/courses/1
2026-05-26T12:57:53.890+03:00 DEBUG 31596 --- [study-manager] [           main] w.c.HttpSessionSecurityContextRepository : Retrieved SecurityContextImpl [Authentication=UsernamePasswordAuthenticationToken [Principal=org.springframework.security.core.userdetails.User [Username=test@test.lv, Password=[PROTECTED], Enabled=true, AccountNonExpired=true, CredentialsNonExpired=true, AccountNonLocked=true, Granted Authorities=[ROLE_USER]], Credentials=[PROTECTED], Authenticated=true, Details=null, Granted Authorities=[ROLE_USER]]]
2026-05-26T12:57:53.890+03:00 DEBUG 31596 --- [study-manager] [           main] o.s.security.web.FilterChainProxy        : Secured PUT /api/courses/1
]]></system-out>
  </testcase>
  <testcase name="getCourse_returns200" classname="lv.studymanager.controller.CourseControllerTest" time="0.01">
    <system-out><![CDATA[2026-05-26T12:57:53.913+03:00 DEBUG 31596 --- [study-manager] [           main] w.c.HttpSessionSecurityContextRepository : Created HttpSession as SecurityContext is non-default
2026-05-26T12:57:53.914+03:00 DEBUG 31596 --- [study-manager] [           main] w.c.HttpSessionSecurityContextRepository : Stored SecurityContextImpl [Authentication=UsernamePasswordAuthenticationToken [Principal=org.springframework.security.core.userdetails.User [Username=test@test.lv, Password=[PROTECTED], Enabled=true, AccountNonExpired=true, CredentialsNonExpired=true, AccountNonLocked=true, Granted Authorities=[ROLE_USER]], Credentials=[PROTECTED], Authenticated=true, Details=null, Granted Authorities=[ROLE_USER]]] to HttpSession [org.springframework.mock.web.MockHttpSession@8c29e75]
2026-05-26T12:57:53.914+03:00 DEBUG 31596 --- [study-manager] [           main] o.s.security.web.FilterChainProxy        : Securing GET /api/courses/1
2026-05-26T12:57:53.914+03:00 DEBUG 31596 --- [study-manager] [           main] w.c.HttpSessionSecurityContextRepository : Retrieved SecurityContextImpl [Authentication=UsernamePasswordAuthenticationToken [Principal=org.springframework.security.core.userdetails.User [Username=test@test.lv, Password=[PROTECTED], Enabled=true, AccountNonExpired=true, CredentialsNonExpired=true, AccountNonLocked=true, Granted Authorities=[ROLE_USER]], Credentials=[PROTECTED], Authenticated=true, Details=null, Granted Authorities=[ROLE_USER]]]
2026-05-26T12:57:53.914+03:00 DEBUG 31596 --- [study-manager] [           main] o.s.security.web.FilterChainProxy        : Secured GET /api/courses/1
]]></system-out>
  </testcase>
  <testcase name="deleteCourse_returns204" classname="lv.studymanager.controller.CourseControllerTest" time="0.01">
    <system-out><![CDATA[2026-05-26T12:57:53.926+03:00 DEBUG 31596 --- [study-manager] [           main] w.c.HttpSessionSecurityContextRepository : Created HttpSession as SecurityContext is non-default
2026-05-26T12:57:53.927+03:00 DEBUG 31596 --- [study-manager] [           main] w.c.HttpSessionSecurityContextRepository : Stored SecurityContextImpl [Authentication=UsernamePasswordAuthenticationToken [Principal=org.springframework.security.core.userdetails.User [Username=test@test.lv, Password=[PROTECTED], Enabled=true, AccountNonExpired=true, CredentialsNonExpired=true, AccountNonLocked=true, Granted Authorities=[ROLE_USER]], Credentials=[PROTECTED], Authenticated=true, Details=null, Granted Authorities=[ROLE_USER]]] to HttpSession [org.springframework.mock.web.MockHttpSession@5fcd665d]
2026-05-26T12:57:53.928+03:00 DEBUG 31596 --- [study-manager] [           main] o.s.security.web.FilterChainProxy        : Securing DELETE /api/courses/1
2026-05-26T12:57:53.928+03:00 DEBUG 31596 --- [study-manager] [           main] w.c.HttpSessionSecurityContextRepository : Retrieved SecurityContextImpl [Authentication=UsernamePasswordAuthenticationToken [Principal=org.springframework.security.core.userdetails.User [Username=test@test.lv, Password=[PROTECTED], Enabled=true, AccountNonExpired=true, CredentialsNonExpired=true, AccountNonLocked=true, Granted Authorities=[ROLE_USER]], Credentials=[PROTECTED], Authenticated=true, Details=null, Granted Authorities=[ROLE_USER]]]
2026-05-26T12:57:53.928+03:00 DEBUG 31596 --- [study-manager] [           main] o.s.security.web.FilterChainProxy        : Secured DELETE /api/courses/1
]]></system-out>
  </testcase>
  <testcase name="createCourse_blankName_returns400" classname="lv.studymanager.controller.CourseControllerTest" time="0.041">
    <system-out><![CDATA[2026-05-26T12:57:53.939+03:00 DEBUG 31596 --- [study-manager] [           main] w.c.HttpSessionSecurityContextRepository : Created HttpSession as SecurityContext is non-default
2026-05-26T12:57:53.939+03:00 DEBUG 31596 --- [study-manager] [           main] w.c.HttpSessionSecurityContextRepository : Stored SecurityContextImpl [Authentication=UsernamePasswordAuthenticationToken [Principal=org.springframework.security.core.userdetails.User [Username=test@test.lv, Password=[PROTECTED], Enabled=true, AccountNonExpired=true, CredentialsNonExpired=true, AccountNonLocked=true, Granted Authorities=[ROLE_USER]], Credentials=[PROTECTED], Authenticated=true, Details=null, Granted Authorities=[ROLE_USER]]] to HttpSession [org.springframework.mock.web.MockHttpSession@2e3bfce8]
2026-05-26T12:57:53.939+03:00 DEBUG 31596 --- [study-manager] [           main] o.s.security.web.FilterChainProxy        : Securing POST /api/courses
2026-05-26T12:57:53.940+03:00 DEBUG 31596 --- [study-manager] [           main] w.c.HttpSessionSecurityContextRepository : Retrieved SecurityContextImpl [Authentication=UsernamePasswordAuthenticationToken [Principal=org.springframework.security.core.userdetails.User [Username=test@test.lv, Password=[PROTECTED], Enabled=true, AccountNonExpired=true, CredentialsNonExpired=true, AccountNonLocked=true, Granted Authorities=[ROLE_USER]], Credentials=[PROTECTED], Authenticated=true, Details=null, Granted Authorities=[ROLE_USER]]]
2026-05-26T12:57:53.940+03:00 DEBUG 31596 --- [study-manager] [           main] o.s.security.web.FilterChainProxy        : Secured POST /api/courses
]]></system-out>
  </testcase>
  <testcase name="createCourse_validRequest_returns201" classname="lv.studymanager.controller.CourseControllerTest" time="0.008">
    <system-out><![CDATA[2026-05-26T12:57:53.981+03:00 DEBUG 31596 --- [study-manager] [           main] w.c.HttpSessionSecurityContextRepository : Created HttpSession as SecurityContext is non-default
2026-05-26T12:57:53.982+03:00 DEBUG 31596 --- [study-manager] [           main] w.c.HttpSessionSecurityContextRepository : Stored SecurityContextImpl [Authentication=UsernamePasswordAuthenticationToken [Principal=org.springframework.security.core.userdetails.User [Username=test@test.lv, Password=[PROTECTED], Enabled=true, AccountNonExpired=true, CredentialsNonExpired=true, AccountNonLocked=true, Granted Authorities=[ROLE_USER]], Credentials=[PROTECTED], Authenticated=true, Details=null, Granted Authorities=[ROLE_USER]]] to HttpSession [org.springframework.mock.web.MockHttpSession@1d4cf8ea]
2026-05-26T12:57:53.982+03:00 DEBUG 31596 --- [study-manager] [           main] o.s.security.web.FilterChainProxy        : Securing POST /api/courses
2026-05-26T12:57:53.983+03:00 DEBUG 31596 --- [study-manager] [           main] w.c.HttpSessionSecurityContextRepository : Retrieved SecurityContextImpl [Authentication=UsernamePasswordAuthenticationToken [Principal=org.springframework.security.core.userdetails.User [Username=test@test.lv, Password=[PROTECTED], Enabled=true, AccountNonExpired=true, CredentialsNonExpired=true, AccountNonLocked=true, Granted Authorities=[ROLE_USER]], Credentials=[PROTECTED], Authenticated=true, Details=null, Granted Authorities=[ROLE_USER]]]
2026-05-26T12:57:53.983+03:00 DEBUG 31596 --- [study-manager] [           main] o.s.security.web.FilterChainProxy        : Secured POST /api/courses
]]></system-out>
  </testcase>
  <testcase name="getAllCourses_unauthenticated_returns401" classname="lv.studymanager.controller.CourseControllerTest" time="0.016">
    <system-out><![CDATA[2026-05-26T12:57:53.993+03:00 DEBUG 31596 --- [study-manager] [           main] o.s.security.web.FilterChainProxy        : Securing GET /api/courses
2026-05-26T12:57:53.993+03:00 DEBUG 31596 --- [study-manager] [           main] o.s.s.w.a.AnonymousAuthenticationFilter  : Set SecurityContextHolder to anonymous SecurityContext
2026-05-26T12:57:53.998+03:00 DEBUG 31596 --- [study-manager] [           main] o.s.s.w.s.HttpSessionRequestCache        : Saved request http://localhost/api/courses?continue to session
2026-05-26T12:57:54.004+03:00 DEBUG 31596 --- [study-manager] [           main] s.w.a.DelegatingAuthenticationEntryPoint : Trying to match using And [Not [RequestHeaderRequestMatcher [expectedHeaderName=X-Requested-With, expectedHeaderValue=XMLHttpRequest]], MediaTypeRequestMatcher [contentNegotiationStrategy=org.springframework.web.accept.ContentNegotiationManager@12f35f55, matchingMediaTypes=[application/xhtml+xml, image/*, text/html, text/plain], useEquals=false, ignoredMediaTypes=[*/*]]]
2026-05-26T12:57:54.005+03:00 DEBUG 31596 --- [study-manager] [           main] s.w.a.DelegatingAuthenticationEntryPoint : Trying to match using Or [RequestHeaderRequestMatcher [expectedHeaderName=X-Requested-With, expectedHeaderValue=XMLHttpRequest], And [Not [MediaTypeRequestMatcher [contentNegotiationStrategy=org.springframework.web.accept.ContentNegotiationManager@12f35f55, matchingMediaTypes=[text/html], useEquals=false, ignoredMediaTypes=[]]], MediaTypeRequestMatcher [contentNegotiationStrategy=org.springframework.web.accept.ContentNegotiationManager@12f35f55, matchingMediaTypes=[application/atom+xml, application/x-www-form-urlencoded, application/json, application/octet-stream, application/xml, multipart/form-data, text/xml], useEquals=false, ignoredMediaTypes=[*/*]]], MediaTypeRequestMatcher [contentNegotiationStrategy=org.springframework.web.accept.ContentNegotiationManager@12f35f55, matchingMediaTypes=[*/*], useEquals=true, ignoredMediaTypes=[]]]
2026-05-26T12:57:54.005+03:00 DEBUG 31596 --- [study-manager] [           main] s.w.a.DelegatingAuthenticationEntryPoint : Match found! Executing org.springframework.security.web.authentication.DelegatingAuthenticationEntryPoint@1cfde650
2026-05-26T12:57:54.005+03:00 DEBUG 31596 --- [study-manager] [           main] s.w.a.DelegatingAuthenticationEntryPoint : Trying to match using RequestHeaderRequestMatcher [expectedHeaderName=X-Requested-With, expectedHeaderValue=XMLHttpRequest]
2026-05-26T12:57:54.005+03:00 DEBUG 31596 --- [study-manager] [           main] s.w.a.DelegatingAuthenticationEntryPoint : No match found. Using default entry point org.springframework.security.web.authentication.www.BasicAuthenticationEntryPoint@5008c5a
]]></system-out>
  </testcase>
  <testcase name="getAllCourses_returns200" classname="lv.studymanager.controller.CourseControllerTest" time="0.009">
    <system-out><![CDATA[2026-05-26T12:57:54.011+03:00 DEBUG 31596 --- [study-manager] [           main] w.c.HttpSessionSecurityContextRepository : Created HttpSession as SecurityContext is non-default
2026-05-26T12:57:54.011+03:00 DEBUG 31596 --- [study-manager] [           main] w.c.HttpSessionSecurityContextRepository : Stored SecurityContextImpl [Authentication=UsernamePasswordAuthenticationToken [Principal=org.springframework.security.core.userdetails.User [Username=test@test.lv, Password=[PROTECTED], Enabled=true, AccountNonExpired=true, CredentialsNonExpired=true, AccountNonLocked=true, Granted Authorities=[ROLE_USER]], Credentials=[PROTECTED], Authenticated=true, Details=null, Granted Authorities=[ROLE_USER]]] to HttpSession [org.springframework.mock.web.MockHttpSession@196ca821]
2026-05-26T12:57:54.013+03:00 DEBUG 31596 --- [study-manager] [           main] o.s.security.web.FilterChainProxy        : Securing GET /api/courses
2026-05-26T12:57:54.013+03:00 DEBUG 31596 --- [study-manager] [           main] w.c.HttpSessionSecurityContextRepository : Retrieved SecurityContextImpl [Authentication=UsernamePasswordAuthenticationToken [Principal=org.springframework.security.core.userdetails.User [Username=test@test.lv, Password=[PROTECTED], Enabled=true, AccountNonExpired=true, CredentialsNonExpired=true, AccountNonLocked=true, Granted Authorities=[ROLE_USER]], Credentials=[PROTECTED], Authenticated=true, Details=null, Granted Authorities=[ROLE_USER]]]
2026-05-26T12:57:54.013+03:00 DEBUG 31596 --- [study-manager] [           main] o.s.security.web.FilterChainProxy        : Secured GET /api/courses
]]></system-out>
  </testcase>
</testsuite>