<?xml version="1.0" encoding="UTF-8"?>
<testsuite xmlns:xsi="http://www.w3.org/2001/XMLSchema-instance" xsi:noNamespaceSchemaLocation="https://maven.apache.org/surefire/maven-surefire-plugin/xsd/surefire-test-report-3.0.xsd" version="3.0" name="lv.studymanager.repository.RepositoryTest" time="3.722" tests="15" errors="0" skipped="0" failures="0">
  <properties>
[...]
</properties>
  <testcase name="findByEmail_found" classname="lv.studymanager.repository.RepositoryTest" time="0.198">
    <system-out><![CDATA[2026-05-26T12:57:55.299+03:00  INFO 31596 --- [study-manager] [           main] t.c.s.AnnotationConfigContextLoaderUtils : Could not detect default configuration classes for test class [lv.studymanager.repository.RepositoryTest]: RepositoryTest does not declare any static, non-private, non-final, nested classes annotated with @Configuration.
2026-05-26T12:57:55.314+03:00  INFO 31596 --- [study-manager] [           main] .b.t.c.SpringBootTestContextBootstrapper : Found @SpringBootConfiguration lv.studymanager.StudyManagerApplication for test class lv.studymanager.repository.RepositoryTest

  .   ____          _            __ _ _
 /\\ / ___'_ __ _ _(_)_ __  __ _ \ \ \ \
( ( )\___ | '_ | '_| | '_ \/ _` | \ \ \ \
 \\/  ___)| |_)| | | | | || (_| |  ) ) ) )
  '  |____| .__|_| |_|_| |_\__, | / / / /
 =========|_|==============|___/=/_/_/_/
 :: Spring Boot ::                (v3.2.5)

2026-05-26T12:57:55.344+03:00  INFO 31596 --- [study-manager] [           main] l.s.repository.RepositoryTest            : Starting RepositoryTest using Java 21.0.11 with PID 31596 (started by Dators in C:\study-manager)
2026-05-26T12:57:55.344+03:00 DEBUG 31596 --- [study-manager] [           main] l.s.repository.RepositoryTest            : Running with Spring Boot v3.2.5, Spring v6.1.6
2026-05-26T12:57:55.344+03:00  INFO 31596 --- [study-manager] [           main] l.s.repository.RepositoryTest            : The following 1 profile is active: "test"
2026-05-26T12:57:55.506+03:00  INFO 31596 --- [study-manager] [           main] .s.d.r.c.RepositoryConfigurationDelegate : Bootstrapping Spring Data JPA repositories in DEFAULT mode.
2026-05-26T12:57:55.559+03:00  INFO 31596 --- [study-manager] [           main] .s.d.r.c.RepositoryConfigurationDelegate : Finished Spring Data repository scanning in 43 ms. Found 4 JPA repository interfaces.
2026-05-26T12:57:55.610+03:00  INFO 31596 --- [study-manager] [           main] beddedDataSourceBeanFactoryPostProcessor : Replacing 'dataSource' DataSource bean with embedded version
2026-05-26T12:57:55.664+03:00  INFO 31596 --- [study-manager] [           main] o.s.j.d.e.EmbeddedDatabaseFactory        : Starting embedded database: url='jdbc:h2:mem:c1a55d33-bffe-446d-8586-7797cd2e07c2;DB_CLOSE_DELAY=-1;DB_CLOSE_ON_EXIT=false', username='sa'
2026-05-26T12:57:56.116+03:00  INFO 31596 --- [study-manager] [           main] o.hibernate.jpa.internal.util.LogHelper  : HHH000204: Processing PersistenceUnitInfo [name: default]
2026-05-26T12:57:56.214+03:00  INFO 31596 --- [study-manager] [           main] org.hibernate.Version                    : HHH000412: Hibernate ORM core version 6.4.4.Final
2026-05-26T12:57:56.269+03:00  INFO 31596 --- [study-manager] [           main] o.h.c.internal.RegionFactoryInitiator    : HHH000026: Second-level cache disabled
2026-05-26T12:57:56.467+03:00  INFO 31596 --- [study-manager] [           main] o.s.o.j.p.SpringPersistenceUnitInfo      : No LoadTimeWeaver setup: ignoring JPA class transformer
2026-05-26T12:57:56.553+03:00  WARN 31596 --- [study-manager] [           main] org.hibernate.orm.deprecation            : HHH90000025: H2Dialect does not need to be specified explicitly using 'hibernate.dialect' (remove the property setting and it will be selected by default)
2026-05-26T12:57:57.666+03:00  INFO 31596 --- [study-manager] [           main] o.h.e.t.j.p.i.JtaPlatformInitiator       : HHH000489: No JTA platform available (set 'hibernate.transaction.jta.platform' to enable JTA platform integration)
Hibernate: drop table if exists achievements cascade 
Hibernate: drop table if exists courses cascade 
Hibernate: drop table if exists tasks cascade 
Hibernate: drop table if exists users cascade 
Hibernate: create table achievements (earned_at timestamp(6), id bigint generated by default as identity, user_id bigint not null, badge_type varchar(255) not null check (badge_type in ('FIRST_TASK','WEEK_STREAK','COURSE_COMPLETE','EARLY_BIRD','CENTURY','PERFECT_WEEK')), description TEXT, primary key (id))
Hibernate: create table courses (credits integer, color varchar(7), created_at timestamp(6), id bigint generated by default as identity, user_id bigint not null, instructor varchar(200), name varchar(200) not null, category varchar(255) not null check (category in ('MANDATORY','ELECTIVE','EXTRA')), description TEXT, status varchar(255) not null check (status in ('ACTIVE','COMPLETED','FROZEN')), primary key (id))
Hibernate: create table tasks (due_date date, recurring boolean, course_id bigint, created_at timestamp(6), id bigint generated by default as identity, updated_at timestamp(6), user_id bigint not null, recurrence_pattern varchar(50), title varchar(300) not null, description TEXT, priority varchar(255) not null check (priority in ('LOW','MEDIUM','HIGH','CRITICAL')), status varchar(255) not null check (status in ('TODO','IN_PROGRESS','DONE')), primary key (id))
Hibernate: create table users (created_at timestamp(6) not null, id bigint generated by default as identity, updated_at timestamp(6), first_name varchar(100) not null, last_name varchar(100) not null, avatar_url varchar(512), email varchar(255) not null unique, password_hash varchar(255) not null, role varchar(255) not null check (role in ('STUDENT','ADMIN')), primary key (id))
Hibernate: alter table if exists achievements add constraint FK1efgavvlxwajrr25mqpl34m1n foreign key (user_id) references users
Hibernate: alter table if exists courses add constraint FK51k53m6m5gi9n91fnlxkxgpmv foreign key (user_id) references users
Hibernate: alter table if exists tasks add constraint FKopldg47bgaarlampi2f6wees3 foreign key (course_id) references courses
Hibernate: alter table if exists tasks add constraint FK6s1ob9k4ihi75xbxe2w0ylsdh foreign key (user_id) references users
2026-05-26T12:57:57.737+03:00  INFO 31596 --- [study-manager] [           main] j.LocalContainerEntityManagerFactoryBean : Initialized JPA EntityManagerFactory for persistence unit 'default'
2026-05-26T12:57:58.106+03:00  INFO 31596 --- [study-manager] [           main] o.s.d.j.r.query.QueryEnhancerFactory     : Hibernate is in classpath; If applicable, HQL parser will be used.
2026-05-26T12:57:58.637+03:00  INFO 31596 --- [study-manager] [           main] l.s.repository.RepositoryTest            : Started RepositoryTest in 3.319 seconds (process running for 12.357)
Hibernate: insert into users (avatar_url,created_at,email,first_name,last_name,password_hash,role,updated_at,id) values (?,?,?,?,?,?,?,?,default)
Hibernate: select u1_0.id,u1_0.avatar_url,u1_0.created_at,u1_0.email,u1_0.first_name,u1_0.last_name,u1_0.password_hash,u1_0.role,u1_0.updated_at from users u1_0 where u1_0.email=?
]]></system-out>
  </testcase>
  <testcase name="findOverdueByUserId_returnsOnlyOverdueNonDone" classname="lv.studymanager.repository.RepositoryTest" time="0.041">
    <system-out><![CDATA[Hibernate: insert into users (avatar_url,created_at,email,first_name,last_name,password_hash,role,updated_at,id) values (?,?,?,?,?,?,?,?,default)
Hibernate: insert into tasks (course_id,created_at,description,due_date,priority,recurrence_pattern,recurring,status,title,updated_at,user_id,id) values (?,?,?,?,?,?,?,?,?,?,?,default)
Hibernate: insert into tasks (course_id,created_at,description,due_date,priority,recurrence_pattern,recurring,status,title,updated_at,user_id,id) values (?,?,?,?,?,?,?,?,?,?,?,default)
Hibernate: select t1_0.id,t1_0.course_id,t1_0.created_at,t1_0.description,t1_0.due_date,t1_0.priority,t1_0.recurrence_pattern,t1_0.recurring,t1_0.status,t1_0.title,t1_0.updated_at,t1_0.user_id from tasks t1_0 where t1_0.user_id=? and t1_0.due_date<? and t1_0.status<>'DONE'
]]></system-out>
  </testcase>
  <testcase name="findByIdAndUserId_wrongUser_returnsEmpty" classname="lv.studymanager.repository.RepositoryTest" time="0.01">
    <system-out><![CDATA[Hibernate: insert into users (avatar_url,created_at,email,first_name,last_name,password_hash,role,updated_at,id) values (?,?,?,?,?,?,?,?,default)
Hibernate: insert into tasks (course_id,created_at,description,due_date,priority,recurrence_pattern,recurring,status,title,updated_at,user_id,id) values (?,?,?,?,?,?,?,?,?,?,?,default)
Hibernate: select t1_0.id,t1_0.course_id,t1_0.created_at,t1_0.description,t1_0.due_date,t1_0.priority,t1_0.recurrence_pattern,t1_0.recurring,t1_0.status,t1_0.title,t1_0.updated_at,t1_0.user_id from tasks t1_0 left join users u1_0 on u1_0.id=t1_0.user_id where t1_0.id=? and u1_0.id=?
]]></system-out>
  </testcase>
  <testcase name="findDueTodayByUserId_returnsOnlyTodayNonDone" classname="lv.studymanager.repository.RepositoryTest" time="0.011">
    <system-out><![CDATA[Hibernate: insert into users (avatar_url,created_at,email,first_name,last_name,password_hash,role,updated_at,id) values (?,?,?,?,?,?,?,?,default)
Hibernate: insert into tasks (course_id,created_at,description,due_date,priority,recurrence_pattern,recurring,status,title,updated_at,user_id,id) values (?,?,?,?,?,?,?,?,?,?,?,default)
Hibernate: insert into tasks (course_id,created_at,description,due_date,priority,recurrence_pattern,recurring,status,title,updated_at,user_id,id) values (?,?,?,?,?,?,?,?,?,?,?,default)
Hibernate: insert into tasks (course_id,created_at,description,due_date,priority,recurrence_pattern,recurring,status,title,updated_at,user_id,id) values (?,?,?,?,?,?,?,?,?,?,?,default)
Hibernate: select t1_0.id,t1_0.course_id,t1_0.created_at,t1_0.description,t1_0.due_date,t1_0.priority,t1_0.recurrence_pattern,t1_0.recurring,t1_0.status,t1_0.title,t1_0.updated_at,t1_0.user_id from tasks t1_0 where t1_0.user_id=? and t1_0.due_date=? and t1_0.status<>'DONE'
]]></system-out>
  </testcase>
  <testcase name="existsByEmail_true" classname="lv.studymanager.repository.RepositoryTest" time="0.011">
    <system-out><![CDATA[Hibernate: insert into users (avatar_url,created_at,email,first_name,last_name,password_hash,role,updated_at,id) values (?,?,?,?,?,?,?,?,default)
Hibernate: select u1_0.id from users u1_0 where u1_0.email=? fetch first ? rows only
]]></system-out>
  </testcase>
  <testcase name="existsByEmail_false" classname="lv.studymanager.repository.RepositoryTest" time="0.006">
    <system-out><![CDATA[Hibernate: insert into users (avatar_url,created_at,email,first_name,last_name,password_hash,role,updated_at,id) values (?,?,?,?,?,?,?,?,default)
Hibernate: select u1_0.id from users u1_0 where u1_0.email=? fetch first ? rows only
]]></system-out>
  </testcase>
  <testcase name="findByUserIdOrderByCreatedAtDesc_returnsCourses" classname="lv.studymanager.repository.RepositoryTest" time="0.012">
    <system-out><![CDATA[Hibernate: insert into users (avatar_url,created_at,email,first_name,last_name,password_hash,role,updated_at,id) values (?,?,?,?,?,?,?,?,default)
Hibernate: insert into courses (category,color,created_at,credits,description,instructor,name,status,user_id,id) values (?,?,?,?,?,?,?,?,?,default)
Hibernate: insert into courses (category,color,created_at,credits,description,instructor,name,status,user_id,id) values (?,?,?,?,?,?,?,?,?,default)
Hibernate: select c1_0.id,c1_0.category,c1_0.color,c1_0.created_at,c1_0.credits,c1_0.description,c1_0.instructor,c1_0.name,c1_0.status,c1_0.user_id from courses c1_0 left join users u1_0 on u1_0.id=c1_0.user_id where u1_0.id=? order by c1_0.created_at desc
]]></system-out>
  </testcase>
  <testcase name="existsByUserIdAndBadgeType_false" classname="lv.studymanager.repository.RepositoryTest" time="0.007">
    <system-out><![CDATA[Hibernate: insert into users (avatar_url,created_at,email,first_name,last_name,password_hash,role,updated_at,id) values (?,?,?,?,?,?,?,?,default)
Hibernate: select a1_0.id from achievements a1_0 left join users u1_0 on u1_0.id=a1_0.user_id where u1_0.id=? and a1_0.badge_type=? fetch first ? rows only
]]></system-out>
  </testcase>
  <testcase name="countAllByUserId_countsCorrectly" classname="lv.studymanager.repository.RepositoryTest" time="0.017">
    <system-out><![CDATA[Hibernate: insert into users (avatar_url,created_at,email,first_name,last_name,password_hash,role,updated_at,id) values (?,?,?,?,?,?,?,?,default)
Hibernate: insert into tasks (course_id,created_at,description,due_date,priority,recurrence_pattern,recurring,status,title,updated_at,user_id,id) values (?,?,?,?,?,?,?,?,?,?,?,default)
Hibernate: insert into tasks (course_id,created_at,description,due_date,priority,recurrence_pattern,recurring,status,title,updated_at,user_id,id) values (?,?,?,?,?,?,?,?,?,?,?,default)
Hibernate: select count(t1_0.id) from tasks t1_0 where t1_0.user_id=?
]]></system-out>
  </testcase>
  <testcase name="countDoneByUserId_countsCorrectly" classname="lv.studymanager.repository.RepositoryTest" time="0.012">
    <system-out><![CDATA[Hibernate: insert into users (avatar_url,created_at,email,first_name,last_name,password_hash,role,updated_at,id) values (?,?,?,?,?,?,?,?,default)
Hibernate: insert into tasks (course_id,created_at,description,due_date,priority,recurrence_pattern,recurring,status,title,updated_at,user_id,id) values (?,?,?,?,?,?,?,?,?,?,?,default)
Hibernate: insert into tasks (course_id,created_at,description,due_date,priority,recurrence_pattern,recurring,status,title,updated_at,user_id,id) values (?,?,?,?,?,?,?,?,?,?,?,default)
Hibernate: insert into tasks (course_id,created_at,description,due_date,priority,recurrence_pattern,recurring,status,title,updated_at,user_id,id) values (?,?,?,?,?,?,?,?,?,?,?,default)
Hibernate: select count(t1_0.id) from tasks t1_0 where t1_0.user_id=? and t1_0.status='DONE'
]]></system-out>
  </testcase>
  <testcase name="findByEmail_notFound" classname="lv.studymanager.repository.RepositoryTest" time="0.007">
    <system-out><![CDATA[Hibernate: insert into users (avatar_url,created_at,email,first_name,last_name,password_hash,role,updated_at,id) values (?,?,?,?,?,?,?,?,default)
Hibernate: select u1_0.id,u1_0.avatar_url,u1_0.created_at,u1_0.email,u1_0.first_name,u1_0.last_name,u1_0.password_hash,u1_0.role,u1_0.updated_at from users u1_0 where u1_0.email=?
]]></system-out>
  </testcase>
  <testcase name="course_findByIdAndUserId_wrongUser_returnsEmpty" classname="lv.studymanager.repository.RepositoryTest" time="0.008">
    <system-out><![CDATA[Hibernate: insert into users (avatar_url,created_at,email,first_name,last_name,password_hash,role,updated_at,id) values (?,?,?,?,?,?,?,?,default)
Hibernate: insert into courses (category,color,created_at,credits,description,instructor,name,status,user_id,id) values (?,?,?,?,?,?,?,?,?,default)
Hibernate: select c1_0.id,c1_0.category,c1_0.color,c1_0.created_at,c1_0.credits,c1_0.description,c1_0.instructor,c1_0.name,c1_0.status,c1_0.user_id from courses c1_0 left join users u1_0 on u1_0.id=c1_0.user_id where c1_0.id=? and u1_0.id=?
]]></system-out>
  </testcase>
  <testcase name="countActiveCoursesByUserId_countsCorrectly" classname="lv.studymanager.repository.RepositoryTest" time="0.01">
    <system-out><![CDATA[Hibernate: insert into users (avatar_url,created_at,email,first_name,last_name,password_hash,role,updated_at,id) values (?,?,?,?,?,?,?,?,default)
Hibernate: insert into courses (category,color,created_at,credits,description,instructor,name,status,user_id,id) values (?,?,?,?,?,?,?,?,?,default)
Hibernate: insert into courses (category,color,created_at,credits,description,instructor,name,status,user_id,id) values (?,?,?,?,?,?,?,?,?,default)
Hibernate: select count(c1_0.id) from courses c1_0 where c1_0.user_id=? and c1_0.status='ACTIVE'
]]></system-out>
  </testcase>
  <testcase name="countByUserId_countsCorrectly" classname="lv.studymanager.repository.RepositoryTest" time="0.011">
    <system-out><![CDATA[Hibernate: insert into users (avatar_url,created_at,email,first_name,last_name,password_hash,role,updated_at,id) values (?,?,?,?,?,?,?,?,default)
Hibernate: insert into achievements (badge_type,description,earned_at,user_id,id) values (?,?,?,?,default)
Hibernate: insert into achievements (badge_type,description,earned_at,user_id,id) values (?,?,?,?,default)
Hibernate: select count(a1_0.id) from achievements a1_0 left join users u1_0 on u1_0.id=a1_0.user_id where u1_0.id=?
]]></system-out>
  </testcase>
  <testcase name="existsByUserIdAndBadgeType_true" classname="lv.studymanager.repository.RepositoryTest" time="0.006">
    <system-out><![CDATA[Hibernate: insert into users (avatar_url,created_at,email,first_name,last_name,password_hash,role,updated_at,id) values (?,?,?,?,?,?,?,?,default)
Hibernate: insert into achievements (badge_type,description,earned_at,user_id,id) values (?,?,?,?,default)
Hibernate: select a1_0.id from achievements a1_0 left join users u1_0 on u1_0.id=a1_0.user_id where u1_0.id=? and a1_0.badge_type=? fetch first ? rows only
]]></system-out>
  </testcase>
</testsuite>